[21-Jun-2022 21:17:33 UTC] PHP Warning:  Trying to access array offset on value of type bool in /home/vagrant/proyectos/vialplast/wp-content/themes/porto/inc/lib/live-search/live-search.php on line 85
[21-Jun-2022 21:17:33 UTC] PHP Stack trace:
[21-Jun-2022 21:17:33 UTC] PHP   1. {main}() /home/vagrant/proyectos/vialplast/wp-admin/admin-ajax.php:0
[21-Jun-2022 21:17:33 UTC] PHP   2. do_action($hook_name = 'wp_ajax_porto_ajax_search_posts') /home/vagrant/proyectos/vialplast/wp-admin/admin-ajax.php:187
[21-Jun-2022 21:17:33 UTC] PHP   3. WP_Hook->do_action($args = [0 => '']) /home/vagrant/proyectos/vialplast/wp-includes/plugin.php:476
[21-Jun-2022 21:17:33 UTC] PHP   4. WP_Hook->apply_filters($value = '', $args = [0 => '']) /home/vagrant/proyectos/vialplast/wp-includes/class-wp-hook.php:331
[21-Jun-2022 21:17:33 UTC] PHP   5. Porto_Live_Search->ajax_search('') /home/vagrant/proyectos/vialplast/wp-includes/class-wp-hook.php:307
[21-Jun-2022 21:17:33 UTC] PHP Fatal error:  Uncaught ReflectionException: Class "" does not exist in /home/vagrant/proyectos/vialplast/wp-content/themes/vialplast/inc/theme_functions.php:44
Stack trace:
#0 /home/vagrant/proyectos/vialplast/wp-content/themes/vialplast/inc/theme_functions.php(44): ReflectionClass->__construct()
#1 /home/vagrant/proyectos/vialplast/wp-content/themes/vialplast/inc/theme_functions.php(28): accessProtected()
#2 /home/vagrant/proyectos/vialplast/wp-includes/class-wp-hook.php(309): cssigniter_change_variable_price_display()
#3 /home/vagrant/proyectos/vialplast/wp-includes/plugin.php(191): WP_Hook->apply_filters()
#4 /home/vagrant/proyectos/vialplast/wp-content/plugins/woocommerce/includes/abstracts/abstract-wc-product.php(1872): apply_filters()
#5 /home/vagrant/proyectos/vialplast/wp-content/themes/porto/inc/lib/live-search/live-search.php(86): WC_Product->get_price_html()
#6 /home/vagrant/proyectos/vialplast/wp-includes/class-wp-hook.php(307): Porto_Live_Search->ajax_search()
#7 /home/vagrant/proyectos/vialplast/wp-includes/class-wp-hook.php(331): WP_Hook->apply_filters()
#8 /home/vagrant/proyectos/vialplast/wp-includes/plugin.php(476): WP_Hook->do_action()
#9 /home/vagrant/proyectos/vialplast/wp-admin/admin-ajax.php(187): do_action()
#10 {main}
  thrown in /home/vagrant/proyectos/vialplast/wp-content/themes/vialplast/inc/theme_functions.php on line 44
[21-Jun-2022 21:17:33 UTC] PHP Warning:  Trying to access array offset on value of type bool in /home/vagrant/proyectos/vialplast/wp-content/themes/porto/inc/lib/live-search/live-search.php on line 85
[21-Jun-2022 21:17:33 UTC] PHP Stack trace:
[21-Jun-2022 21:17:33 UTC] PHP   1. {main}() /home/vagrant/proyectos/vialplast/wp-admin/admin-ajax.php:0
[21-Jun-2022 21:17:33 UTC] PHP   2. do_action($hook_name = 'wp_ajax_porto_ajax_search_posts') /home/vagrant/proyectos/vialplast/wp-admin/admin-ajax.php:187
[21-Jun-2022 21:17:33 UTC] PHP   3. WP_Hook->do_action($args = [0 => '']) /home/vagrant/proyectos/vialplast/wp-includes/plugin.php:476
[21-Jun-2022 21:17:33 UTC] PHP   4. WP_Hook->apply_filters($value = '', $args = [0 => '']) /home/vagrant/proyectos/vialplast/wp-includes/class-wp-hook.php:331
[21-Jun-2022 21:17:33 UTC] PHP   5. Porto_Live_Search->ajax_search('') /home/vagrant/proyectos/vialplast/wp-includes/class-wp-hook.php:307
[21-Jun-2022 21:17:33 UTC] PHP Fatal error:  Uncaught ReflectionException: Class "" does not exist in /home/vagrant/proyectos/vialplast/wp-content/themes/vialplast/inc/theme_functions.php:44
Stack trace:
#0 /home/vagrant/proyectos/vialplast/wp-content/themes/vialplast/inc/theme_functions.php(44): ReflectionClass->__construct()
#1 /home/vagrant/proyectos/vialplast/wp-content/themes/vialplast/inc/theme_functions.php(28): accessProtected()
#2 /home/vagrant/proyectos/vialplast/wp-includes/class-wp-hook.php(309): cssigniter_change_variable_price_display()
#3 /home/vagrant/proyectos/vialplast/wp-includes/plugin.php(191): WP_Hook->apply_filters()
#4 /home/vagrant/proyectos/vialplast/wp-content/plugins/woocommerce/includes/abstracts/abstract-wc-product.php(1872): apply_filters()
#5 /home/vagrant/proyectos/vialplast/wp-content/themes/porto/inc/lib/live-search/live-search.php(86): WC_Product->get_price_html()
#6 /home/vagrant/proyectos/vialplast/wp-includes/class-wp-hook.php(307): Porto_Live_Search->ajax_search()
#7 /home/vagrant/proyectos/vialplast/wp-includes/class-wp-hook.php(331): WP_Hook->apply_filters()
#8 /home/vagrant/proyectos/vialplast/wp-includes/plugin.php(476): WP_Hook->do_action()
#9 /home/vagrant/proyectos/vialplast/wp-admin/admin-ajax.php(187): do_action()
#10 {main}
  thrown in /home/vagrant/proyectos/vialplast/wp-content/themes/vialplast/inc/theme_functions.php on line 44
[21-Jun-2022 21:17:33 UTC] PHP Warning:  Trying to access array offset on value of type bool in /home/vagrant/proyectos/vialplast/wp-content/themes/porto/inc/lib/live-search/live-search.php on line 85
[21-Jun-2022 21:17:33 UTC] PHP Stack trace:
[21-Jun-2022 21:17:33 UTC] PHP   1. {main}() /home/vagrant/proyectos/vialplast/wp-admin/admin-ajax.php:0
[21-Jun-2022 21:17:33 UTC] PHP   2. do_action($hook_name = 'wp_ajax_porto_ajax_search_posts') /home/vagrant/proyectos/vialplast/wp-admin/admin-ajax.php:187
[21-Jun-2022 21:17:33 UTC] PHP   3. WP_Hook->do_action($args = [0 => '']) /home/vagrant/proyectos/vialplast/wp-includes/plugin.php:476
[21-Jun-2022 21:17:33 UTC] PHP   4. WP_Hook->apply_filters($value = '', $args = [0 => '']) /home/vagrant/proyectos/vialplast/wp-includes/class-wp-hook.php:331
[21-Jun-2022 21:17:33 UTC] PHP   5. Porto_Live_Search->ajax_search('') /home/vagrant/proyectos/vialplast/wp-includes/class-wp-hook.php:307
[21-Jun-2022 21:17:33 UTC] PHP Fatal error:  Uncaught ReflectionException: Class "" does not exist in /home/vagrant/proyectos/vialplast/wp-content/themes/vialplast/inc/theme_functions.php:44
Stack trace:
#0 /home/vagrant/proyectos/vialplast/wp-content/themes/vialplast/inc/theme_functions.php(44): ReflectionClass->__construct()
#1 /home/vagrant/proyectos/vialplast/wp-content/themes/vialplast/inc/theme_functions.php(28): accessProtected()
#2 /home/vagrant/proyectos/vialplast/wp-includes/class-wp-hook.php(309): cssigniter_change_variable_price_display()
#3 /home/vagrant/proyectos/vialplast/wp-includes/plugin.php(191): WP_Hook->apply_filters()
#4 /home/vagrant/proyectos/vialplast/wp-content/plugins/woocommerce/includes/abstracts/abstract-wc-product.php(1872): apply_filters()
#5 /home/vagrant/proyectos/vialplast/wp-content/themes/porto/inc/lib/live-search/live-search.php(86): WC_Product->get_price_html()
#6 /home/vagrant/proyectos/vialplast/wp-includes/class-wp-hook.php(307): Porto_Live_Search->ajax_search()
#7 /home/vagrant/proyectos/vialplast/wp-includes/class-wp-hook.php(331): WP_Hook->apply_filters()
#8 /home/vagrant/proyectos/vialplast/wp-includes/plugin.php(476): WP_Hook->do_action()
#9 /home/vagrant/proyectos/vialplast/wp-admin/admin-ajax.php(187): do_action()
#10 {main}
  thrown in /home/vagrant/proyectos/vialplast/wp-content/themes/vialplast/inc/theme_functions.php on line 44
[21-Jun-2022 22:36:58 UTC] Error Table 'lc_vialplast.lc_wpmailsmtp_tasks_meta' doesn't exist de la base de datos de WordPress para la consulta SHOW FULL COLUMNS FROM `lc_wpmailsmtp_tasks_meta` realizada por require_once('wp-admin/admin.php'), require_once('wp-load.php'), require_once('wp-config.php'), require_once('wp-settings.php'), do_action('init'), WP_Hook->do_action, WP_Hook->apply_filters, WPMailSMTP\Core->get_tasks, WPMailSMTP\Tasks\Tasks->init, WPMailSMTP\Tasks\Reports\SummaryEmailTask->init, WPMailSMTP\Tasks\Task->register, WPMailSMTP\Tasks\Meta->add, WPMailSMTP\Tasks\Meta->add_to_db
